2025-01-01 21:42:18,520 - INFO - Starting homework creation process
2025-01-01 21:42:18,520 - INFO - Creating homework with title: Homework 
2025-01-01 21:42:18,520 - WARNING - Only 6 questions available. This may affect distribution.
2025-01-01 21:42:18,520 - INFO - Selected 6 questions
2025-01-01 21:42:18,800 - INFO - Homework created successfully! ID: 5975
2025-01-01 21:42:18,800 - INFO - Opening homework in browser: https://admin.ambition.guru/exams/mock-test-detail/5975?routeName=Exams
2025-01-01 21:42:19,403 - INFO - Questions locked successfully for Homework ID: 5975
2025-01-01 21:42:19,403 - INFO - Homework creation process completed
2025-01-01 21:45:08,477 - INFO - Starting homework creation process
2025-01-01 21:45:08,477 - INFO - Creating homework with title: Homework jan 1
2025-01-01 21:45:08,477 - WARNING - Only 6 questions available. This may affect distribution.
2025-01-01 21:45:08,478 - INFO - Selected 6 questions
2025-01-01 21:45:08,785 - INFO - Homework created successfully! ID: 5976
2025-01-01 21:45:08,785 - INFO - Opening homework in browser: https://admin.ambition.guru/exams/mock-test-detail/5976?routeName=Exams
2025-01-01 21:45:13,961 - INFO - Questions locked successfully for Homework ID: 5976
2025-01-01 21:45:13,961 - INFO - Homework creation process completed
2025-01-01 21:45:34,021 - INFO - Starting homework creation process
2025-01-01 21:45:34,021 - INFO - Creating homework with title: Homework Part 2
2025-01-01 21:45:34,021 - WARNING - Only 6 questions available. This may affect distribution.
2025-01-01 21:45:34,022 - INFO - Selected 6 questions
2025-01-01 21:45:34,283 - INFO - Homework created successfully! ID: 5977
2025-01-01 21:45:34,283 - INFO - Opening homework in browser: https://admin.ambition.guru/exams/mock-test-detail/5977?routeName=Exams
2025-01-01 21:45:34,896 - INFO - Questions locked successfully for Homework ID: 5977
2025-01-01 21:45:34,896 - INFO - Homework creation process completed
